
2025-06-08 11:40:07.709825 - User: AnonymousUser - Path: /api/token/
2025-06-08 11:40:08.711545 - User: AnonymousUser - Path: /favicon.ico
2025-06-08 11:40:30.278314 - User: AnonymousUser - Path: /api-authlogin/
2025-06-08 11:40:30.464519 - User: AnonymousUser - Path: /favicon.ico
2025-06-08 11:57:37.193376 - User: AnonymousUser - Path: /api-authlogin/
2025-06-08 11:57:37.434624 - User: AnonymousUser - Path: /favicon.ico
2025-06-08 12:28:45.307123 - User: AnonymousUser - Path: /api-authlogin/
2025-06-08 12:28:45.566904 - User: AnonymousUser - Path: /favicon.ico
2025-06-08 12:30:12.443131 - User: AnonymousUser - Path: /api-authlogin/
2025-06-08 12:31:02.736513 - User: AnonymousUser - Path: /api-authlogin/
2025-06-08 12:31:07.332861 - User: AnonymousUser - Path: /api-authlogin/
2025-06-08 12:31:50.608630 - User: AnonymousUser - Path: /api-authlogin/
2025-06-08 12:32:08.064379 - User: AnonymousUser - Path: /api-authlogin/
2025-06-08 12:33:11.711328 - User: AnonymousUser - Path: /api-authlogin/
2025-06-08 12:43:29.028364 - User: AnonymousUser - Path: /api-authlogin/
2025-06-08 12:59:33.562710 - User: AnonymousUser - Path: /api-authlogin/
2025-06-08 13:02:42.142447 - User: AnonymousUser - Path: /api-authlogin/
2025-06-08 13:04:45.990112 - User: AnonymousUser - Path: /api-authlogin/
2025-06-08 13:04:46.338636 - User: AnonymousUser - Path: /favicon.ico
2025-06-08 13:06:36.760093 - User: AnonymousUser - Path: /api-authlogin/
2025-06-08 13:06:37.015408 - User: AnonymousUser - Path: /favicon.ico
2025-06-08 13:06:44.760608 - User: AnonymousUser - Path: /api-authlogin/
2025-06-08 13:07:04.551429 - User: AnonymousUser - Path: /api-authlogin/
2025-06-08 13:08:42.332009 - User: AnonymousUser - Path: /api-authlogin/
2025-06-08 13:08:47.209823 - User: AnonymousUser - Path: /api-authlogin/
2025-06-08 13:09:03.015800 - User: AnonymousUser - Path: /api-authlogin/
2025-06-08 13:09:03.784285 - User: LeDuc(email: 'patrick@example.com', id: '5da62843-5dd8-4bf3-9cb6-6bf5ed392d12') - Path: /api/token/
2025-06-08 13:09:04.046962 - User: LeDuc(email: 'patrick@example.com', id: '5da62843-5dd8-4bf3-9cb6-6bf5ed392d12') - Path: /favicon.ico
2025-06-08 13:09:32.749978 - User: LeDuc(email: 'patrick@example.com', id: '5da62843-5dd8-4bf3-9cb6-6bf5ed392d12') - Path: /api/token/
2025-06-08 13:11:37.456368 - User: LeDuc(email: 'patrick@example.com', id: '5da62843-5dd8-4bf3-9cb6-6bf5ed392d12') - Path: /api/token/
2025-06-08 13:11:38.481217 - User: LeDuc(email: 'patrick@example.com', id: '5da62843-5dd8-4bf3-9cb6-6bf5ed392d12') - Path: /favicon.ico
2025-06-08 13:14:36.867624 - User: LeDuc(email: 'patrick@example.com', id: '5da62843-5dd8-4bf3-9cb6-6bf5ed392d12') - Path: /api/token/
2025-06-08 13:15:13.683349 - User: LeDuc(email: 'patrick@example.com', id: '5da62843-5dd8-4bf3-9cb6-6bf5ed392d12') - Path: /api/token/
2025-06-08 13:18:05.653962 - User: LeDuc(email: 'patrick@example.com', id: '5da62843-5dd8-4bf3-9cb6-6bf5ed392d12') - Path: /api/token/
2025-06-08 13:26:41.681713 - User: LeDuc(email: 'patrick@example.com', id: '5da62843-5dd8-4bf3-9cb6-6bf5ed392d12') - Path: /api/token/
2025-06-08 13:27:06.419717 - User: LeDuc(email: 'patrick@example.com', id: '5da62843-5dd8-4bf3-9cb6-6bf5ed392d12') - Path: /api/token/
2025-06-08 13:27:42.477629 - User: LeDuc(email: 'patrick@example.com', id: '5da62843-5dd8-4bf3-9cb6-6bf5ed392d12') - Path: /api/token/
2025-06-08 13:31:22.060495 - User: LeDuc(email: 'patrick@example.com', id: '5da62843-5dd8-4bf3-9cb6-6bf5ed392d12') - Path: /api/token/
2025-06-08 13:46:20.175384 - User: LeDuc(email: 'patrick@example.com', id: '5da62843-5dd8-4bf3-9cb6-6bf5ed392d12') - Path: /api/token/
2025-06-08 13:46:21.220639 - User: LeDuc(email: 'patrick@example.com', id: '5da62843-5dd8-4bf3-9cb6-6bf5ed392d12') - Path: /favicon.ico
2025-06-08 13:46:37.627238 - User: LeDuc(email: 'patrick@example.com', id: '5da62843-5dd8-4bf3-9cb6-6bf5ed392d12') - Path: /api/token/
2025-06-08 13:59:11.777514 - User: LeDuc(email: 'patrick@example.com', id: '5da62843-5dd8-4bf3-9cb6-6bf5ed392d12') - Path: /api/token/
2025-06-08 13:59:16.147729 - User: LeDuc(email: 'patrick@example.com', id: '5da62843-5dd8-4bf3-9cb6-6bf5ed392d12') - Path: /api/token/
2025-06-08 14:02:53.830166 - User: LeDuc(email: 'patrick@example.com', id: '5da62843-5dd8-4bf3-9cb6-6bf5ed392d12') - Path: /api/token/
2025-06-08 14:02:54.845632 - User: LeDuc(email: 'patrick@example.com', id: '5da62843-5dd8-4bf3-9cb6-6bf5ed392d12') - Path: /favicon.ico